Determining if the pthread_create exist failed with the following output:
Change Dir: /home/fpereira/catkin_ws/build/CMakeFiles/CMakeTmp

Run Build Command:/usr/bin/make "cmTryCompileExec2087735708/fast"
/usr/bin/make -f CMakeFiles/cmTryCompileExec2087735708.dir/build.make CMakeFiles/cmTryCompileExec2087735708.dir/build
make[1]: Entering directory `/home/fpereira/catkin_ws/build/CMakeFiles/CMakeTmp'
/usr/bin/cmake -E cmake_progress_report /home/fpereira/catkin_ws/build/CMakeFiles/CMakeTmp/CMakeFiles 1
Building C object CMakeFiles/cmTryCompileExec2087735708.dir/CheckSymbolExists.c.o
/usr/bin/cc    -o CMakeFiles/cmTryCompileExec2087735708.dir/CheckSymbolExists.c.o   -c /home/fpereira/catkin_ws/build/CMakeFiles/CMakeTmp/CheckSymbolExists.c
Linking C executable cmTryCompileExec2087735708
/usr/bin/cmake -E cmake_link_script CMakeFiles/cmTryCompileExec2087735708.dir/link.txt --verbose=1
/usr/bin/cc       CMakeFiles/cmTryCompileExec2087735708.dir/CheckSymbolExists.c.o  -o cmTryCompileExec2087735708 -rdynamic 
CMakeFiles/cmTryCompileExec2087735708.dir/CheckSymbolExists.c.o: In function `main':
CheckSymbolExists.c:(.text+0x16): undefined reference to `pthread_create'
collect2: error: ld returned 1 exit status
make[1]: Leaving directory `/home/fpereira/catkin_ws/build/CMakeFiles/CMakeTmp'
make[1]: *** [cmTryCompileExec2087735708] Error 1
make: *** [cmTryCompileExec2087735708/fast] Error 2

File /home/fpereira/catkin_ws/build/CMakeFiles/CMakeTmp/CheckSymbolExists.c:
/* */
#include <pthread.h>

int main(int argc, char** argv)
{
  (void)argv;
#ifndef pthread_create
  return ((int*)(&pthread_create))[argc];
#else
  (void)argc;
  return 0;
#endif
}

Determining if the function pthread_create exists in the pthreads failed with the following output:
Change Dir: /home/fpereira/catkin_ws/build/CMakeFiles/CMakeTmp

Run Build Command:/usr/bin/make "cmTryCompileExec3850770015/fast"
/usr/bin/make -f CMakeFiles/cmTryCompileExec3850770015.dir/build.make CMakeFiles/cmTryCompileExec3850770015.dir/build
make[1]: Entering directory `/home/fpereira/catkin_ws/build/CMakeFiles/CMakeTmp'
/usr/bin/cmake -E cmake_progress_report /home/fpereira/catkin_ws/build/CMakeFiles/CMakeTmp/CMakeFiles 1
Building C object CMakeFiles/cmTryCompileExec3850770015.dir/CheckFunctionExists.c.o
/usr/bin/cc   -DCHECK_FUNCTION_EXISTS=pthread_create   -o CMakeFiles/cmTryCompileExec3850770015.dir/CheckFunctionExists.c.o   -c /usr/share/cmake-2.8/Modules/CheckFunctionExists.c
Linking C executable cmTryCompileExec3850770015
/usr/bin/cmake -E cmake_link_script CMakeFiles/cmTryCompileExec3850770015.dir/link.txt --verbose=1
/usr/bin/cc   -DCHECK_FUNCTION_EXISTS=pthread_create    CMakeFiles/cmTryCompileExec3850770015.dir/CheckFunctionExists.c.o  -o cmTryCompileExec3850770015 -rdynamic -lpthreads 
/usr/bin/ld: cannot find -lpthreads
collect2: error: ld returned 1 exit status
make[1]: Leaving directory `/home/fpereira/catkin_ws/build/CMakeFiles/CMakeTmp'
make[1]: *** [cmTryCompileExec3850770015] Error 1
make: *** [cmTryCompileExec3850770015/fast] Error 2


